[debug] [2021-10-31T16:26:17.707Z] ----------------------------------------------------------------------
[debug] [2021-10-31T16:26:17.709Z] Command:       C:\Program Files\nodejs\node.exe C:\Users\shalata\AppData\Roaming\npm\node_modules\firebase-tools\lib\bin\firebase.js init
[debug] [2021-10-31T16:26:17.709Z] CLI Version:   9.21.0
[debug] [2021-10-31T16:26:17.709Z] Platform:      win32
[debug] [2021-10-31T16:26:17.709Z] Node Version:  v14.17.4
[debug] [2021-10-31T16:26:17.710Z] Time:          Sun Oct 31 2021 18:26:17 GMT+0200 (Eastern European Standard Time)
[debug] [2021-10-31T16:26:17.710Z] ----------------------------------------------------------------------
[debug] 
[debug] [2021-10-31T16:26:17.716Z] > command requires scopes: ["email","openid","https://www.googleapis.com/auth/cloudplatformprojects.readonly","https://www.googleapis.com/auth/firebase","https://www.googleapis.com/auth/cloud-platform"]
[debug] [2021-10-31T16:26:17.716Z] > authorizing via signed-in user (andrew.saed5858@gmail.com)
[info] 
     ######## #### ########  ######## ########     ###     ######  ########
     ##        ##  ##     ## ##       ##     ##  ##   ##  ##       ##
     ######    ##  ########  ######   ########  #########  ######  ######
     ##        ##  ##    ##  ##       ##     ## ##     ##       ## ##
     ##       #### ##     ## ######## ########  ##     ##  ######  ########

You're about to initialize a Firebase project in this directory:

  E:\Projects React Js\recipe-app

[info] 
=== Project Setup
[info] 
[info] First, let's associate this project directory with a Firebase project.
[info] You can create multiple project aliases by running firebase use --add, 
[info] but for now we'll just set up a default project.
[info] 
[debug] [2021-10-31T16:26:35.837Z] >>> [apiv2][query] GET https://firebase.googleapis.com/v1beta1/projects pageSize=100
[debug] [2021-10-31T16:26:36.393Z] <<< [apiv2][status] GET https://firebase.googleapis.com/v1beta1/projects 200
[debug] [2021-10-31T16:26:36.393Z] <<< [apiv2][body] GET https://firebase.googleapis.com/v1beta1/projects [omitted]
[info] i  Using project recipe-app-react-js (Recipe-app-react-js) 
[info] 
=== Hosting Setup
[info] 
[info] Your public directory is the folder (relative to your project directory) that
[info] will contain Hosting assets to be uploaded with firebase deploy. If you
[info] have a build process for your assets, use your build's output directory.
[info] 
